<?xml version="1.0" encoding="UTF-8"?>
<testsuite xmlns:xsi="http://www.w3.org/2001/XMLSchema-instance" xsi:noNamespaceSchemaLocation="https://maven.apache.org/surefire/maven-surefire-plugin/xsd/surefire-test-report.xsd" name="consumer.LocationServiceContractTest" time="0.005" tests="1" errors="0" skipped="1" failures="0">
  <properties>
    <property name="sun.desktop" value="windows"/>
    <property name="awt.toolkit" value="sun.awt.windows.WToolkit"/>
    <property name="file.encoding.pkg" value="sun.io"/>
    <property name="java.specification.version" value="1.8"/>
    <property name="sun.cpu.isalist" value="amd64"/>
    <property name="sun.jnu.encoding" value="Cp1252"/>
    <property name="java.class.path" value="C:\Tools\PACT\cdct-pact-workshop-master\consumer\target\test-classes;C:\Tools\PACT\cdct-pact-workshop-master\consumer\target\classes;C:\Users\167837\.m2\repository\org\springframework\boot\spring-boot-starter-web\2.1.0.RELEASE\spring-boot-starter-web-2.1.0.RELEASE.jar;C:\Users\167837\.m2\repository\org\springframework\boot\spring-boot-starter\2.1.0.RELEASE\spring-boot-starter-2.1.0.RELEASE.jar;C:\Users\167837\.m2\repository\org\springframework\boot\spring-boot\2.1.0.RELEASE\spring-boot-2.1.0.RELEASE.jar;C:\Users\167837\.m2\repository\org\springframework\boot\spring-boot-autoconfigure\2.1.0.RELEASE\spring-boot-autoconfigure-2.1.0.RELEASE.jar;C:\Users\167837\.m2\repository\org\springframework\boot\spring-boot-starter-logging\2.1.0.RELEASE\spring-boot-starter-logging-2.1.0.RELEASE.jar;C:\Users\167837\.m2\repository\ch\qos\logback\logback-classic\1.2.3\logback-classic-1.2.3.jar;C:\Users\167837\.m2\repository\ch\qos\logback\logback-core\1.2.3\logback-core-1.2.3.jar;C:\Users\167837\.m2\repository\org\apache\logging\log4j\log4j-to-slf4j\2.11.1\log4j-to-slf4j-2.11.1.jar;C:\Users\167837\.m2\repository\org\apache\logging\log4j\log4j-api\2.11.1\log4j-api-2.11.1.jar;C:\Users\167837\.m2\repository\org\slf4j\jul-to-slf4j\1.7.25\jul-to-slf4j-1.7.25.jar;C:\Users\167837\.m2\repository\javax\annotation\javax.annotation-api\1.3.2\javax.annotation-api-1.3.2.jar;C:\Users\167837\.m2\repository\org\yaml\snakeyaml\1.23\snakeyaml-1.23.jar;C:\Users\167837\.m2\repository\org\springframework\boot\spring-boot-starter-json\2.1.0.RELEASE\spring-boot-starter-json-2.1.0.RELEASE.jar;C:\Users\167837\.m2\repository\com\fasterxml\jackson\core\jackson-databind\2.9.7\jackson-databind-2.9.7.jar;C:\Users\167837\.m2\repository\com\fasterxml\jackson\core\jackson-annotations\2.9.0\jackson-annotations-2.9.0.jar;C:\Users\167837\.m2\repository\com\fasterxml\jackson\core\jackson-core\2.9.7\jackson-core-2.9.7.jar;C:\Users\167837\.m2\repository\com\fasterxml\jackson\datatype\jackson-datatype-jdk8\2.9.7\jackson-datatype-jdk8-2.9.7.jar;C:\Users\167837\.m2\repository\com\fasterxml\jackson\datatype\jackson-datatype-jsr310\2.9.7\jackson-datatype-jsr310-2.9.7.jar;C:\Users\167837\.m2\repository\com\fasterxml\jackson\module\jackson-module-parameter-names\2.9.7\jackson-module-parameter-names-2.9.7.jar;C:\Users\167837\.m2\repository\org\springframework\boot\spring-boot-starter-tomcat\2.1.0.RELEASE\spring-boot-starter-tomcat-2.1.0.RELEASE.jar;C:\Users\167837\.m2\repository\org\apache\tomcat\embed\tomcat-embed-core\9.0.12\tomcat-embed-core-9.0.12.jar;C:\Users\167837\.m2\repository\org\apache\tomcat\embed\tomcat-embed-el\9.0.12\tomcat-embed-el-9.0.12.jar;C:\Users\167837\.m2\repository\org\apache\tomcat\embed\tomcat-embed-websocket\9.0.12\tomcat-embed-websocket-9.0.12.jar;C:\Users\167837\.m2\repository\org\hibernate\validator\hibernate-validator\6.0.13.Final\hibernate-validator-6.0.13.Final.jar;C:\Users\167837\.m2\repository\javax\validation\validation-api\2.0.1.Final\validation-api-2.0.1.Final.jar;C:\Users\167837\.m2\repository\org\jboss\logging\jboss-logging\3.3.2.Final\jboss-logging-3.3.2.Final.jar;C:\Users\167837\.m2\repository\com\fasterxml\classmate\1.4.0\classmate-1.4.0.jar;C:\Users\167837\.m2\repository\org\springframework\spring-web\5.1.2.RELEASE\spring-web-5.1.2.RELEASE.jar;C:\Users\167837\.m2\repository\org\springframework\spring-beans\5.1.2.RELEASE\spring-beans-5.1.2.RELEASE.jar;C:\Users\167837\.m2\repository\org\springframework\spring-webmvc\5.1.2.RELEASE\spring-webmvc-5.1.2.RELEASE.jar;C:\Users\167837\.m2\repository\org\springframework\spring-aop\5.1.2.RELEASE\spring-aop-5.1.2.RELEASE.jar;C:\Users\167837\.m2\repository\org\springframework\spring-context\5.1.2.RELEASE\spring-context-5.1.2.RELEASE.jar;C:\Users\167837\.m2\repository\org\springframework\spring-expression\5.1.2.RELEASE\spring-expression-5.1.2.RELEASE.jar;C:\Users\167837\.m2\repository\org\projectlombok\lombok\1.18.2\lombok-1.18.2.jar;C:\Users\167837\.m2\repository\org\springframework\boot\spring-boot-starter-test\2.1.0.RELEASE\spring-boot-starter-test-2.1.0.RELEASE.jar;C:\Users\167837\.m2\repository\org\springframework\boot\spring-boot-test\2.1.0.RELEASE\spring-boot-test-2.1.0.RELEASE.jar;C:\Users\167837\.m2\repository\org\springframework\boot\spring-boot-test-autoconfigure\2.1.0.RELEASE\spring-boot-test-autoconfigure-2.1.0.RELEASE.jar;C:\Users\167837\.m2\repository\com\jayway\jsonpath\json-path\2.4.0\json-path-2.4.0.jar;C:\Users\167837\.m2\repository\net\minidev\json-smart\2.3\json-smart-2.3.jar;C:\Users\167837\.m2\repository\net\minidev\accessors-smart\1.2\accessors-smart-1.2.jar;C:\Users\167837\.m2\repository\org\ow2\asm\asm\5.0.4\asm-5.0.4.jar;C:\Users\167837\.m2\repository\junit\junit\4.12\junit-4.12.jar;C:\Users\167837\.m2\repository\org\assertj\assertj-core\3.11.1\assertj-core-3.11.1.jar;C:\Users\167837\.m2\repository\org\mockito\mockito-core\2.23.0\mockito-core-2.23.0.jar;C:\Users\167837\.m2\repository\net\bytebuddy\byte-buddy\1.9.3\byte-buddy-1.9.3.jar;C:\Users\167837\.m2\repository\net\bytebuddy\byte-buddy-agent\1.9.3\byte-buddy-agent-1.9.3.jar;C:\Users\167837\.m2\repository\org\objenesis\objenesis\2.6\objenesis-2.6.jar;C:\Users\167837\.m2\repository\org\hamcrest\hamcrest-core\1.3\hamcrest-core-1.3.jar;C:\Users\167837\.m2\repository\org\hamcrest\hamcrest-library\1.3\hamcrest-library-1.3.jar;C:\Users\167837\.m2\repository\org\skyscreamer\jsonassert\1.5.0\jsonassert-1.5.0.jar;C:\Users\167837\.m2\repository\com\vaadin\external\google\android-json\0.0.20131108.vaadin1\android-json-0.0.20131108.vaadin1.jar;C:\Users\167837\.m2\repository\org\springframework\spring-core\5.1.2.RELEASE\spring-core-5.1.2.RELEASE.jar;C:\Users\167837\.m2\repository\org\springframework\spring-jcl\5.1.2.RELEASE\spring-jcl-5.1.2.RELEASE.jar;C:\Users\167837\.m2\repository\org\springframework\spring-test\5.1.2.RELEASE\spring-test-5.1.2.RELEASE.jar;C:\Users\167837\.m2\repository\org\xmlunit\xmlunit-core\2.6.2\xmlunit-core-2.6.2.jar;C:\Users\167837\.m2\repository\au\com\dius\pact-jvm-consumer-java8_2.12\3.5.24\pact-jvm-consumer-java8_2.12-3.5.24.jar;C:\Users\167837\.m2\repository\org\jetbrains\kotlin\kotlin-stdlib-jdk8\1.2.71\kotlin-stdlib-jdk8-1.2.71.jar;C:\Users\167837\.m2\repository\org\jetbrains\kotlin\kotlin-stdlib\1.2.71\kotlin-stdlib-1.2.71.jar;C:\Users\167837\.m2\repository\org\jetbrains\kotlin\kotlin-stdlib-common\1.2.71\kotlin-stdlib-common-1.2.71.jar;C:\Users\167837\.m2\repository\org\jetbrains\annotations\13.0\annotations-13.0.jar;C:\Users\167837\.m2\repository\org\jetbrains\kotlin\kotlin-stdlib-jdk7\1.2.71\kotlin-stdlib-jdk7-1.2.71.jar;C:\Users\167837\.m2\repository\org\jetbrains\kotlin\kotlin-reflect\1.2.71\kotlin-reflect-1.2.71.jar;C:\Users\167837\.m2\repository\org\slf4j\slf4j-api\1.7.25\slf4j-api-1.7.25.jar;C:\Users\167837\.m2\repository\org\codehaus\groovy\groovy-all\2.4.12\groovy-all-2.4.12-indy.jar;C:\Users\167837\.m2\repository\io\github\microutils\kotlin-logging\1.4.4\kotlin-logging-1.4.4.jar;C:\Users\167837\.m2\repository\org\scala-lang\scala-library\2.12.5\scala-library-2.12.5.jar;C:\Users\167837\.m2\repository\com\typesafe\scala-logging\scala-logging_2.12\3.7.2\scala-logging_2.12-3.7.2.jar;C:\Users\167837\.m2\repository\au\com\dius\pact-jvm-consumer-junit_2.12\3.5.24\pact-jvm-consumer-junit_2.12-3.5.24.jar;C:\Users\167837\.m2\repository\au\com\dius\pact-jvm-consumer_2.12\3.5.24\pact-jvm-consumer_2.12-3.5.24.jar;C:\Users\167837\.m2\repository\au\com\dius\pact-jvm-model\3.5.24\pact-jvm-model-3.5.24.jar;C:\Users\167837\.m2\repository\au\com\dius\pact-jvm-pact-broker\3.5.24\pact-jvm-pact-broker-3.5.24.jar;C:\Users\167837\.m2\repository\com\github\salomonbrys\kotson\kotson\2.5.0\kotson-2.5.0.jar;C:\Users\167837\.m2\repository\com\google\code\gson\gson\2.8.5\gson-2.8.5.jar;C:\Users\167837\.m2\repository\org\dmfs\rfc3986-uri\0.8\rfc3986-uri-0.8.jar;C:\Users\167837\.m2\repository\org\dmfs\iterators\1.5\iterators-1.5.jar;C:\Users\167837\.m2\repository\org\dmfs\optional\0.3\optional-0.3.jar;C:\Users\167837\.m2\repository\com\github\zafarkhaja\java-semver\0.9.0\java-semver-0.9.0.jar;C:\Users\167837\.m2\repository\com\amazonaws\aws-java-sdk-s3\1.11.30\aws-java-sdk-s3-1.11.30.jar;C:\Users\167837\.m2\repository\com\amazonaws\aws-java-sdk-kms\1.11.30\aws-java-sdk-kms-1.11.30.jar;C:\Users\167837\.m2\repository\com\amazonaws\aws-java-sdk-core\1.11.30\aws-java-sdk-core-1.11.30.jar;C:\Users\167837\.m2\repository\com\fasterxml\jackson\dataformat\jackson-dataformat-cbor\2.9.7\jackson-dataformat-cbor-2.9.7.jar;C:\Users\167837\.m2\repository\joda-time\joda-time\2.10.1\joda-time-2.10.1.jar;C:\Users\167837\.m2\repository\com\amazonaws\jmespath-java\1.0\jmespath-java-1.0.jar;C:\Users\167837\.m2\repository\org\apache\commons\commons-collections4\4.1\commons-collections4-4.1.jar;C:\Users\167837\.m2\repository\com\github\mifmif\generex\1.0.1\generex-1.0.1.jar;C:\Users\167837\.m2\repository\javax\mail\mail\1.5.0-b01\mail-1.5.0-b01.jar;C:\Users\167837\.m2\repository\javax\activation\activation\1.1\activation-1.1.jar;C:\Users\167837\.m2\repository\au\com\dius\pact-jvm-matchers_2.12\3.5.24\pact-jvm-matchers_2.12-3.5.24.jar;C:\Users\167837\.m2\repository\io\gatling\jsonpath_2.12\0.6.9\jsonpath_2.12-0.6.9.jar;C:\Users\167837\.m2\repository\org\scala-lang\modules\scala-parser-combinators_2.12\1.0.5\scala-parser-combinators_2.12-1.0.5.jar;C:\Users\167837\.m2\repository\org\scala-lang\modules\scala-xml_2.12\1.0.6\scala-xml_2.12-1.0.6.jar;C:\Users\167837\.m2\repository\com\googlecode\java-diff-utils\diffutils\1.3.0\diffutils-1.3.0.jar;C:\Users\167837\.m2\repository\dk\brics\automaton\automaton\1.11-8\automaton-1.11-8.jar;C:\Users\167837\.m2\repository\org\apache\httpcomponents\httpclient\4.5.6\httpclient-4.5.6.jar;C:\Users\167837\.m2\repository\org\apache\httpcomponents\httpcore\4.4.10\httpcore-4.4.10.jar;C:\Users\167837\.m2\repository\commons-codec\commons-codec\1.11\commons-codec-1.11.jar;C:\Users\167837\.m2\repository\io\netty\netty-handler\4.1.29.Final\netty-handler-4.1.29.Final.jar;C:\Users\167837\.m2\repository\io\netty\netty-buffer\4.1.29.Final\netty-buffer-4.1.29.Final.jar;C:\Users\167837\.m2\repository\io\netty\netty-common\4.1.29.Final\netty-common-4.1.29.Final.jar;C:\Users\167837\.m2\repository\io\netty\netty-transport\4.1.29.Final\netty-transport-4.1.29.Final.jar;C:\Users\167837\.m2\repository\io\netty\netty-resolver\4.1.29.Final\netty-resolver-4.1.29.Final.jar;C:\Users\167837\.m2\repository\io\netty\netty-codec\4.1.29.Final\netty-codec-4.1.29.Final.jar;C:\Users\167837\.m2\repository\org\apache\httpcomponents\httpmime\4.5.6\httpmime-4.5.6.jar;C:\Users\167837\.m2\repository\ws\unfiltered\unfiltered-netty-server_2.12\0.9.1\unfiltered-netty-server_2.12-0.9.1.jar;C:\Users\167837\.m2\repository\ws\unfiltered\unfiltered-netty_2.12\0.9.1\unfiltered-netty_2.12-0.9.1.jar;C:\Users\167837\.m2\repository\ws\unfiltered\unfiltered_2.12\0.9.1\unfiltered_2.12-0.9.1.jar;C:\Users\167837\.m2\repository\io\netty\netty-codec-http\4.1.29.Final\netty-codec-http-4.1.29.Final.jar;C:\Users\167837\.m2\repository\ws\unfiltered\unfiltered-util_2.12\0.9.1\unfiltered-util_2.12-0.9.1.jar;C:\Users\167837\.m2\repository\org\apache\httpcomponents\fluent-hc\4.5.6\fluent-hc-4.5.6.jar;C:\Users\167837\.m2\repository\commons-logging\commons-logging\1.2\commons-logging-1.2.jar;C:\Users\167837\.m2\repository\org\scala-lang\modules\scala-java8-compat_2.12\0.8.0\scala-java8-compat_2.12-0.8.0.jar;C:\Users\167837\.m2\repository\org\json\json\20160212\json-20160212.jar;C:\Users\167837\.m2\repository\org\apache\commons\commons-lang3\3.8.1\commons-lang3-3.8.1.jar;C:\Users\167837\.m2\repository\com\google\guava\guava\18.0\guava-18.0.jar;"/>
    <property name="java.vm.vendor" value="Oracle Corporation"/>
    <property name="sun.arch.data.model" value="64"/>
    <property name="user.variant" value=""/>
    <property name="java.vendor.url" value="http://java.oracle.com/"/>
    <property name="user.timezone" value="Europe/Berlin"/>
    <property name="java.vm.specification.version" value="1.8"/>
    <property name="os.name" value="Windows 10"/>
    <property name="user.country" value="US"/>
    <property name="sun.java.launcher" value="SUN_STANDARD"/>
    <property name="sun.boot.library.path" value="C:\Progra~1\Java\jdk1.8.0_211\jre\bin"/>
    <property name="sun.java.command" value="C:\Users\167837\AppData\Local\Temp\surefire9204019145422090134\surefirebooter8838890652134808640.jar C:\Users\167837\AppData\Local\Temp\surefire9204019145422090134 2019-10-31T10-18-42_838-jvmRun1 surefire2229742966367980435tmp surefire_04811301490495894598tmp"/>
    <property name="surefire.test.class.path" value="C:\Tools\PACT\cdct-pact-workshop-master\consumer\target\test-classes;C:\Tools\PACT\cdct-pact-workshop-master\consumer\target\classes;C:\Users\167837\.m2\repository\org\springframework\boot\spring-boot-starter-web\2.1.0.RELEASE\spring-boot-starter-web-2.1.0.RELEASE.jar;C:\Users\167837\.m2\repository\org\springframework\boot\spring-boot-starter\2.1.0.RELEASE\spring-boot-starter-2.1.0.RELEASE.jar;C:\Users\167837\.m2\repository\org\springframework\boot\spring-boot\2.1.0.RELEASE\spring-boot-2.1.0.RELEASE.jar;C:\Users\167837\.m2\repository\org\springframework\boot\spring-boot-autoconfigure\2.1.0.RELEASE\spring-boot-autoconfigure-2.1.0.RELEASE.jar;C:\Users\167837\.m2\repository\org\springframework\boot\spring-boot-starter-logging\2.1.0.RELEASE\spring-boot-starter-logging-2.1.0.RELEASE.jar;C:\Users\167837\.m2\repository\ch\qos\logback\logback-classic\1.2.3\logback-classic-1.2.3.jar;C:\Users\167837\.m2\repository\ch\qos\logback\logback-core\1.2.3\logback-core-1.2.3.jar;C:\Users\167837\.m2\repository\org\apache\logging\log4j\log4j-to-slf4j\2.11.1\log4j-to-slf4j-2.11.1.jar;C:\Users\167837\.m2\repository\org\apache\logging\log4j\log4j-api\2.11.1\log4j-api-2.11.1.jar;C:\Users\167837\.m2\repository\org\slf4j\jul-to-slf4j\1.7.25\jul-to-slf4j-1.7.25.jar;C:\Users\167837\.m2\repository\javax\annotation\javax.annotation-api\1.3.2\javax.annotation-api-1.3.2.jar;C:\Users\167837\.m2\repository\org\yaml\snakeyaml\1.23\snakeyaml-1.23.jar;C:\Users\167837\.m2\repository\org\springframework\boot\spring-boot-starter-json\2.1.0.RELEASE\spring-boot-starter-json-2.1.0.RELEASE.jar;C:\Users\167837\.m2\repository\com\fasterxml\jackson\core\jackson-databind\2.9.7\jackson-databind-2.9.7.jar;C:\Users\167837\.m2\repository\com\fasterxml\jackson\core\jackson-annotations\2.9.0\jackson-annotations-2.9.0.jar;C:\Users\167837\.m2\repository\com\fasterxml\jackson\core\jackson-core\2.9.7\jackson-core-2.9.7.jar;C:\Users\167837\.m2\repository\com\fasterxml\jackson\datatype\jackson-datatype-jdk8\2.9.7\jackson-datatype-jdk8-2.9.7.jar;C:\Users\167837\.m2\repository\com\fasterxml\jackson\datatype\jackson-datatype-jsr310\2.9.7\jackson-datatype-jsr310-2.9.7.jar;C:\Users\167837\.m2\repository\com\fasterxml\jackson\module\jackson-module-parameter-names\2.9.7\jackson-module-parameter-names-2.9.7.jar;C:\Users\167837\.m2\repository\org\springframework\boot\spring-boot-starter-tomcat\2.1.0.RELEASE\spring-boot-starter-tomcat-2.1.0.RELEASE.jar;C:\Users\167837\.m2\repository\org\apache\tomcat\embed\tomcat-embed-core\9.0.12\tomcat-embed-core-9.0.12.jar;C:\Users\167837\.m2\repository\org\apache\tomcat\embed\tomcat-embed-el\9.0.12\tomcat-embed-el-9.0.12.jar;C:\Users\167837\.m2\repository\org\apache\tomcat\embed\tomcat-embed-websocket\9.0.12\tomcat-embed-websocket-9.0.12.jar;C:\Users\167837\.m2\repository\org\hibernate\validator\hibernate-validator\6.0.13.Final\hibernate-validator-6.0.13.Final.jar;C:\Users\167837\.m2\repository\javax\validation\validation-api\2.0.1.Final\validation-api-2.0.1.Final.jar;C:\Users\167837\.m2\repository\org\jboss\logging\jboss-logging\3.3.2.Final\jboss-logging-3.3.2.Final.jar;C:\Users\167837\.m2\repository\com\fasterxml\classmate\1.4.0\classmate-1.4.0.jar;C:\Users\167837\.m2\repository\org\springframework\spring-web\5.1.2.RELEASE\spring-web-5.1.2.RELEASE.jar;C:\Users\167837\.m2\repository\org\springframework\spring-beans\5.1.2.RELEASE\spring-beans-5.1.2.RELEASE.jar;C:\Users\167837\.m2\repository\org\springframework\spring-webmvc\5.1.2.RELEASE\spring-webmvc-5.1.2.RELEASE.jar;C:\Users\167837\.m2\repository\org\springframework\spring-aop\5.1.2.RELEASE\spring-aop-5.1.2.RELEASE.jar;C:\Users\167837\.m2\repository\org\springframework\spring-context\5.1.2.RELEASE\spring-context-5.1.2.RELEASE.jar;C:\Users\167837\.m2\repository\org\springframework\spring-expression\5.1.2.RELEASE\spring-expression-5.1.2.RELEASE.jar;C:\Users\167837\.m2\repository\org\projectlombok\lombok\1.18.2\lombok-1.18.2.jar;C:\Users\167837\.m2\repository\org\springframework\boot\spring-boot-starter-test\2.1.0.RELEASE\spring-boot-starter-test-2.1.0.RELEASE.jar;C:\Users\167837\.m2\repository\org\springframework\boot\spring-boot-test\2.1.0.RELEASE\spring-boot-test-2.1.0.RELEASE.jar;C:\Users\167837\.m2\repository\org\springframework\boot\spring-boot-test-autoconfigure\2.1.0.RELEASE\spring-boot-test-autoconfigure-2.1.0.RELEASE.jar;C:\Users\167837\.m2\repository\com\jayway\jsonpath\json-path\2.4.0\json-path-2.4.0.jar;C:\Users\167837\.m2\repository\net\minidev\json-smart\2.3\json-smart-2.3.jar;C:\Users\167837\.m2\repository\net\minidev\accessors-smart\1.2\accessors-smart-1.2.jar;C:\Users\167837\.m2\repository\org\ow2\asm\asm\5.0.4\asm-5.0.4.jar;C:\Users\167837\.m2\repository\junit\junit\4.12\junit-4.12.jar;C:\Users\167837\.m2\repository\org\assertj\assertj-core\3.11.1\assertj-core-3.11.1.jar;C:\Users\167837\.m2\repository\org\mockito\mockito-core\2.23.0\mockito-core-2.23.0.jar;C:\Users\167837\.m2\repository\net\bytebuddy\byte-buddy\1.9.3\byte-buddy-1.9.3.jar;C:\Users\167837\.m2\repository\net\bytebuddy\byte-buddy-agent\1.9.3\byte-buddy-agent-1.9.3.jar;C:\Users\167837\.m2\repository\org\objenesis\objenesis\2.6\objenesis-2.6.jar;C:\Users\167837\.m2\repository\org\hamcrest\hamcrest-core\1.3\hamcrest-core-1.3.jar;C:\Users\167837\.m2\repository\org\hamcrest\hamcrest-library\1.3\hamcrest-library-1.3.jar;C:\Users\167837\.m2\repository\org\skyscreamer\jsonassert\1.5.0\jsonassert-1.5.0.jar;C:\Users\167837\.m2\repository\com\vaadin\external\google\android-json\0.0.20131108.vaadin1\android-json-0.0.20131108.vaadin1.jar;C:\Users\167837\.m2\repository\org\springframework\spring-core\5.1.2.RELEASE\spring-core-5.1.2.RELEASE.jar;C:\Users\167837\.m2\repository\org\springframework\spring-jcl\5.1.2.RELEASE\spring-jcl-5.1.2.RELEASE.jar;C:\Users\167837\.m2\repository\org\springframework\spring-test\5.1.2.RELEASE\spring-test-5.1.2.RELEASE.jar;C:\Users\167837\.m2\repository\org\xmlunit\xmlunit-core\2.6.2\xmlunit-core-2.6.2.jar;C:\Users\167837\.m2\repository\au\com\dius\pact-jvm-consumer-java8_2.12\3.5.24\pact-jvm-consumer-java8_2.12-3.5.24.jar;C:\Users\167837\.m2\repository\org\jetbrains\kotlin\kotlin-stdlib-jdk8\1.2.71\kotlin-stdlib-jdk8-1.2.71.jar;C:\Users\167837\.m2\repository\org\jetbrains\kotlin\kotlin-stdlib\1.2.71\kotlin-stdlib-1.2.71.jar;C:\Users\167837\.m2\repository\org\jetbrains\kotlin\kotlin-stdlib-common\1.2.71\kotlin-stdlib-common-1.2.71.jar;C:\Users\167837\.m2\repository\org\jetbrains\annotations\13.0\annotations-13.0.jar;C:\Users\167837\.m2\repository\org\jetbrains\kotlin\kotlin-stdlib-jdk7\1.2.71\kotlin-stdlib-jdk7-1.2.71.jar;C:\Users\167837\.m2\repository\org\jetbrains\kotlin\kotlin-reflect\1.2.71\kotlin-reflect-1.2.71.jar;C:\Users\167837\.m2\repository\org\slf4j\slf4j-api\1.7.25\slf4j-api-1.7.25.jar;C:\Users\167837\.m2\repository\org\codehaus\groovy\groovy-all\2.4.12\groovy-all-2.4.12-indy.jar;C:\Users\167837\.m2\repository\io\github\microutils\kotlin-logging\1.4.4\kotlin-logging-1.4.4.jar;C:\Users\167837\.m2\repository\org\scala-lang\scala-library\2.12.5\scala-library-2.12.5.jar;C:\Users\167837\.m2\repository\com\typesafe\scala-logging\scala-logging_2.12\3.7.2\scala-logging_2.12-3.7.2.jar;C:\Users\167837\.m2\repository\au\com\dius\pact-jvm-consumer-junit_2.12\3.5.24\pact-jvm-consumer-junit_2.12-3.5.24.jar;C:\Users\167837\.m2\repository\au\com\dius\pact-jvm-consumer_2.12\3.5.24\pact-jvm-consumer_2.12-3.5.24.jar;C:\Users\167837\.m2\repository\au\com\dius\pact-jvm-model\3.5.24\pact-jvm-model-3.5.24.jar;C:\Users\167837\.m2\repository\au\com\dius\pact-jvm-pact-broker\3.5.24\pact-jvm-pact-broker-3.5.24.jar;C:\Users\167837\.m2\repository\com\github\salomonbrys\kotson\kotson\2.5.0\kotson-2.5.0.jar;C:\Users\167837\.m2\repository\com\google\code\gson\gson\2.8.5\gson-2.8.5.jar;C:\Users\167837\.m2\repository\org\dmfs\rfc3986-uri\0.8\rfc3986-uri-0.8.jar;C:\Users\167837\.m2\repository\org\dmfs\iterators\1.5\iterators-1.5.jar;C:\Users\167837\.m2\repository\org\dmfs\optional\0.3\optional-0.3.jar;C:\Users\167837\.m2\repository\com\github\zafarkhaja\java-semver\0.9.0\java-semver-0.9.0.jar;C:\Users\167837\.m2\repository\com\amazonaws\aws-java-sdk-s3\1.11.30\aws-java-sdk-s3-1.11.30.jar;C:\Users\167837\.m2\repository\com\amazonaws\aws-java-sdk-kms\1.11.30\aws-java-sdk-kms-1.11.30.jar;C:\Users\167837\.m2\repository\com\amazonaws\aws-java-sdk-core\1.11.30\aws-java-sdk-core-1.11.30.jar;C:\Users\167837\.m2\repository\com\fasterxml\jackson\dataformat\jackson-dataformat-cbor\2.9.7\jackson-dataformat-cbor-2.9.7.jar;C:\Users\167837\.m2\repository\joda-time\joda-time\2.10.1\joda-time-2.10.1.jar;C:\Users\167837\.m2\repository\com\amazonaws\jmespath-java\1.0\jmespath-java-1.0.jar;C:\Users\167837\.m2\repository\org\apache\commons\commons-collections4\4.1\commons-collections4-4.1.jar;C:\Users\167837\.m2\repository\com\github\mifmif\generex\1.0.1\generex-1.0.1.jar;C:\Users\167837\.m2\repository\javax\mail\mail\1.5.0-b01\mail-1.5.0-b01.jar;C:\Users\167837\.m2\repository\javax\activation\activation\1.1\activation-1.1.jar;C:\Users\167837\.m2\repository\au\com\dius\pact-jvm-matchers_2.12\3.5.24\pact-jvm-matchers_2.12-3.5.24.jar;C:\Users\167837\.m2\repository\io\gatling\jsonpath_2.12\0.6.9\jsonpath_2.12-0.6.9.jar;C:\Users\167837\.m2\repository\org\scala-lang\modules\scala-parser-combinators_2.12\1.0.5\scala-parser-combinators_2.12-1.0.5.jar;C:\Users\167837\.m2\repository\org\scala-lang\modules\scala-xml_2.12\1.0.6\scala-xml_2.12-1.0.6.jar;C:\Users\167837\.m2\repository\com\googlecode\java-diff-utils\diffutils\1.3.0\diffutils-1.3.0.jar;C:\Users\167837\.m2\repository\dk\brics\automaton\automaton\1.11-8\automaton-1.11-8.jar;C:\Users\167837\.m2\repository\org\apache\httpcomponents\httpclient\4.5.6\httpclient-4.5.6.jar;C:\Users\167837\.m2\repository\org\apache\httpcomponents\httpcore\4.4.10\httpcore-4.4.10.jar;C:\Users\167837\.m2\repository\commons-codec\commons-codec\1.11\commons-codec-1.11.jar;C:\Users\167837\.m2\repository\io\netty\netty-handler\4.1.29.Final\netty-handler-4.1.29.Final.jar;C:\Users\167837\.m2\repository\io\netty\netty-buffer\4.1.29.Final\netty-buffer-4.1.29.Final.jar;C:\Users\167837\.m2\repository\io\netty\netty-common\4.1.29.Final\netty-common-4.1.29.Final.jar;C:\Users\167837\.m2\repository\io\netty\netty-transport\4.1.29.Final\netty-transport-4.1.29.Final.jar;C:\Users\167837\.m2\repository\io\netty\netty-resolver\4.1.29.Final\netty-resolver-4.1.29.Final.jar;C:\Users\167837\.m2\repository\io\netty\netty-codec\4.1.29.Final\netty-codec-4.1.29.Final.jar;C:\Users\167837\.m2\repository\org\apache\httpcomponents\httpmime\4.5.6\httpmime-4.5.6.jar;C:\Users\167837\.m2\repository\ws\unfiltered\unfiltered-netty-server_2.12\0.9.1\unfiltered-netty-server_2.12-0.9.1.jar;C:\Users\167837\.m2\repository\ws\unfiltered\unfiltered-netty_2.12\0.9.1\unfiltered-netty_2.12-0.9.1.jar;C:\Users\167837\.m2\repository\ws\unfiltered\unfiltered_2.12\0.9.1\unfiltered_2.12-0.9.1.jar;C:\Users\167837\.m2\repository\io\netty\netty-codec-http\4.1.29.Final\netty-codec-http-4.1.29.Final.jar;C:\Users\167837\.m2\repository\ws\unfiltered\unfiltered-util_2.12\0.9.1\unfiltered-util_2.12-0.9.1.jar;C:\Users\167837\.m2\repository\org\apache\httpcomponents\fluent-hc\4.5.6\fluent-hc-4.5.6.jar;C:\Users\167837\.m2\repository\commons-logging\commons-logging\1.2\commons-logging-1.2.jar;C:\Users\167837\.m2\repository\org\scala-lang\modules\scala-java8-compat_2.12\0.8.0\scala-java8-compat_2.12-0.8.0.jar;C:\Users\167837\.m2\repository\org\json\json\20160212\json-20160212.jar;C:\Users\167837\.m2\repository\org\apache\commons\commons-lang3\3.8.1\commons-lang3-3.8.1.jar;C:\Users\167837\.m2\repository\com\google\guava\guava\18.0\guava-18.0.jar;"/>
    <property name="sun.cpu.endian" value="little"/>
    <property name="user.home" value="C:\Users\167837"/>
    <property name="user.language" value="en"/>
    <property name="java.specification.vendor" value="Oracle Corporation"/>
    <property name="java.home" value="C:\Progra~1\Java\jdk1.8.0_211\jre"/>
    <property name="basedir" value="C:\Tools\PACT\cdct-pact-workshop-master\consumer"/>
    <property name="file.separator" value="\"/>
    <property name="line.separator" value="&#10;"/>
    <property name="java.vm.specification.vendor" value="Oracle Corporation"/>
    <property name="java.specification.name" value="Java Platform API Specification"/>
    <property name="java.awt.graphicsenv" value="sun.awt.Win32GraphicsEnvironment"/>
    <property name="surefire.real.class.path" value="C:\Users\167837\AppData\Local\Temp\surefire9204019145422090134\surefirebooter8838890652134808640.jar"/>
    <property name="sun.boot.class.path" value="C:\Progra~1\Java\jdk1.8.0_211\jre\lib\resources.jar;C:\Progra~1\Java\jdk1.8.0_211\jre\lib\rt.jar;C:\Progra~1\Java\jdk1.8.0_211\jre\lib\sunrsasign.jar;C:\Progra~1\Java\jdk1.8.0_211\jre\lib\jsse.jar;C:\Progra~1\Java\jdk1.8.0_211\jre\lib\jce.jar;C:\Progra~1\Java\jdk1.8.0_211\jre\lib\charsets.jar;C:\Progra~1\Java\jdk1.8.0_211\jre\lib\jfr.jar;C:\Progra~1\Java\jdk1.8.0_211\jre\classes"/>
    <property name="user.script" value=""/>
    <property name="sun.management.compiler" value="HotSpot 64-Bit Tiered Compilers"/>
    <property name="java.runtime.version" value="1.8.0_211-b12"/>
    <property name="user.name" value="167837"/>
    <property name="path.separator" value=";"/>
    <property name="os.version" value="10.0"/>
    <property name="java.endorsed.dirs" value="C:\Progra~1\Java\jdk1.8.0_211\jre\lib\endorsed"/>
    <property name="java.runtime.name" value="Java(TM) SE Runtime Environment"/>
    <property name="file.encoding" value="Cp1252"/>
    <property name="java.vm.name" value="Java HotSpot(TM) 64-Bit Server VM"/>
    <property name="localRepository" value="C:\Users\167837\.m2\repository"/>
    <property name="java.vendor.url.bug" value="http://bugreport.sun.com/bugreport/"/>
    <property name="java.io.tmpdir" value="C:\Users\167837\AppData\Local\Temp\"/>
    <property name="java.version" value="1.8.0_211"/>
    <property name="user.dir" value="C:\Tools\PACT\cdct-pact-workshop-master\consumer"/>
    <property name="os.arch" value="amd64"/>
    <property name="java.vm.specification.name" value="Java Virtual Machine Specification"/>
    <property name="java.awt.printerjob" value="sun.awt.windows.WPrinterJob"/>
    <property name="sun.os.patch.level" value=""/>
    <property name="java.library.path" value="C:\Progra~1\Java\jdk1.8.0_211\jre\bin;C:\WINDOWS\Sun\Java\bin;C:\WINDOWS\system32;C:\WINDOWS;C:\ProgramData\DockerDesktop\version-bin;C:\Program Files\Docker\Docker\Resources\bin;C:\Program Files (x86)\TRICENTIS\Tosca Testsuite\Classic;C:\Program Files (x86)\TRICENTIS\Tosca Testsuite\Classic;C:\Program Files (x86)\TRICENTIS\Tosca Testsuite\Classic\dll;C:\Program Files (x86)\TRICENTIS\Tosca Testsuite\Classic\dll\GuptaEngine;C:\Program Files (x86)\TRICENTIS\Tosca Testsuite\ToscaCommander;C:\Program Files (x86)\TRICENTIS\Tosca Testsuite\Classic\dll\DelphiEngine;C:\Program Files (x86)\TRICENTIS\Tosca Testsuite\Classic\dll\PBEngine;C:\Program Files (x86)\TRICENTIS\Tosca Testsuite\Classic\dll\VBEngine;C:\Program Files (x86)\TRICENTIS\Tosca Testsuite\Classic\dll\DotNetHooking;;C:\Program Files (x86)\TRICENTIS\Tosca Testsuite\TBox\Resources\Mobile\Tools;C:\Program Files (x86)\Common Files\Oracle\Java\javapath;C:\WINDOWS\system32;C:\WINDOWS;C:\WINDOWS\System32\Wbem;C:\WINDOWS\System32\WindowsPowerShell\v1.0\;C:\ProgramData\WebEx\WebEx\Applications;C:\Program Files\nodejs\;C:\Program Files\Git\cmd;C:\Progra~1\Java\jdk1.8.0_211\bin;C:\Softwares\Maven\apache-maven-3.6.1\\bin;C:\Users\167837\AppData\Local\Microsoft\WindowsApps;C:\Users\167837\AppData\Roaming\npm;C:\Program Files\JetBrains\IntelliJ IDEA Community Edition 2019.1.1\bin;;C:\Program Files\Java\jdk1.8.0_211\bin;;C:\Users\167837\AppData\Local\Programs\Microsoft VS Code\bin;."/>
    <property name="java.vm.info" value="mixed mode"/>
    <property name="java.vendor" value="Oracle Corporation"/>
    <property name="java.vm.version" value="25.211-b12"/>
    <property name="java.ext.dirs" value="C:\Progra~1\Java\jdk1.8.0_211\jre\lib\ext;C:\WINDOWS\Sun\Java\lib\ext"/>
    <property name="sun.io.unicode.encoding" value="UnicodeLittle"/>
    <property name="java.class.version" value="52.0"/>
  </properties>
  <testcase name="consumer.LocationServiceContractTest" classname="consumer.LocationServiceContractTest" time="0">
    <skipped/>
  </testcase>
</testsuite>